\BOOKMARK [0][-]{section*.1}{\376\377\000D\000e\000c\000l\000a\000r\000a\000t\000i\000o\000n\000\040\000o\000f\000\040\000A\000u\000t\000h\000o\000r\000s\000h\000i\000p}{}% 1
\BOOKMARK [0][-]{section*.2}{\376\377\000A\000b\000s\000t\000r\000a\000c\000t}{}% 2
\BOOKMARK [0][-]{section*.3}{\376\377\000A\000c\000k\000n\000o\000w\000l\000e\000d\000g\000e\000m\000e\000n\000t\000s}{}% 3
\BOOKMARK [0][-]{chapter.7}{\376\377\000I\000n\000t\000r\000o\000d\000u\000c\000t\000i\000o\000n}{}% 4
\BOOKMARK [1][-]{section.8}{\376\377\000M\000e\000t\000a\000g\000e\000n\000o\000m\000i\000c\000s}{chapter.7}% 5
\BOOKMARK [1][-]{section.9}{\376\377\000M\000a\000c\000h\000i\000n\000e\000\040\000L\000e\000a\000r\000n\000i\000n\000g\000\040\000a\000n\000d\000\040\000R\000e\000p\000r\000o\000d\000u\000c\000i\000b\000i\000l\000i\000t\000y}{chapter.7}% 6
\BOOKMARK [1][-]{section.10}{\376\377\000T\000h\000e\000s\000i\000s\000\040\000O\000b\000j\000e\000c\000t\000i\000v\000e}{chapter.7}% 7
\BOOKMARK [0][-]{chapter.11}{\376\377\000T\000h\000e\000o\000r\000e\000t\000i\000c\000a\000l\000\040\000B\000a\000c\000k\000g\000r\000o\000u\000n\000d}{}% 8
\BOOKMARK [1][-]{section.12}{\376\377\000M\000e\000t\000a\000g\000e\000n\000o\000m\000i\000c\000s}{chapter.11}% 9
\BOOKMARK [2][-]{subsection.13}{\376\377\000F\000i\000l\000e\000\040\000f\000o\000r\000m\000a\000t\000s}{section.12}% 10
\BOOKMARK [2][-]{subsection.14}{\376\377\000P\000r\000e\000p\000r\000o\000c\000e\000s\000s\000i\000n\000g}{section.12}% 11
\BOOKMARK [2][-]{subsection.15}{\376\377\000T\000a\000x\000o\000n\000o\000m\000i\000c\000\040\000p\000r\000o\000f\000i\000l\000i\000n\000g}{section.12}% 12
\BOOKMARK [1][-]{section.16}{\376\377\000M\000a\000c\000h\000i\000n\000e\000\040\000L\000e\000a\000r\000n\000i\000n\000g}{chapter.11}% 13
\BOOKMARK [2][-]{subsection.17}{\376\377\000S\000u\000p\000p\000o\000r\000t\000\040\000V\000e\000c\000t\000o\000r\000\040\000M\000a\000c\000h\000i\000n\000e\000s}{section.16}% 14
\BOOKMARK [2][-]{subsection.18}{\376\377\000R\000a\000n\000d\000o\000m\000\040\000F\000o\000r\000e\000s\000t\000s}{section.16}% 15
\BOOKMARK [2][-]{subsection.19}{\376\377\000G\000r\000a\000d\000i\000e\000n\000t\000\040\000B\000o\000o\000s\000t\000e\000d\000\040\000T\000r\000e\000e\000s}{section.16}% 16
\BOOKMARK [2][-]{subsection.20}{\376\377\000E\000v\000a\000l\000u\000a\000t\000i\000o\000n\000\040\000o\000f\000\040\000M\000a\000c\000h\000i\000n\000e\000\040\000L\000e\000a\000r\000n\000i\000n\000g\000\040\000a\000l\000g\000o\000r\000i\000t\000h\000m\000s}{section.16}% 17
\BOOKMARK [1][-]{section.21}{\376\377\000W\000o\000r\000k\000f\000l\000o\000w\000m\000a\000n\000a\000g\000e\000r\000s\000\040\000a\000n\000d\000\040\000R\000e\000p\000r\000o\000d\000u\000c\000i\000b\000i\000l\000i\000t\000y}{chapter.11}% 18
\BOOKMARK [1][-]{section.22}{\376\377\000P\000r\000e\000v\000i\000o\000u\000s\000\040\000w\000o\000r\000k}{chapter.11}% 19
\BOOKMARK [0][-]{chapter.23}{\376\377\000E\000x\000p\000e\000r\000i\000m\000e\000n\000t\000a\000l\000\040\000S\000e\000t\000u\000p}{}% 20
\BOOKMARK [1][-]{section.24}{\376\377\000D\000e\000s\000i\000g\000n\000\040\000c\000o\000n\000s\000i\000d\000e\000r\000a\000t\000i\000o\000n\000s}{chapter.23}% 21
\BOOKMARK [1][-]{section.25}{\376\377\000P\000i\000p\000e\000l\000i\000n\000e\000\040\000a\000r\000c\000h\000i\000t\000e\000c\000t\000u\000r\000e}{chapter.23}% 22
\BOOKMARK [2][-]{subsection.27}{\376\377\000P\000r\000e\000p\000r\000o\000c\000e\000s\000s\000i\000n\000g}{section.25}% 23
\BOOKMARK [2][-]{subsection.28}{\376\377\000T\000a\000x\000o\000n\000o\000m\000i\000c\000\040\000p\000r\000o\000f\000i\000l\000i\000n\000g}{section.25}% 24
\BOOKMARK [2][-]{subsection.29}{\376\377\000T\000r\000a\000i\000n\000i\000n\000g\000\040\000m\000o\000d\000e}{section.25}% 25
\BOOKMARK [2][-]{subsection.31}{\376\377\000P\000r\000e\000d\000i\000c\000t\000i\000o\000n\000\040\000m\000o\000d\000e}{section.25}% 26
\BOOKMARK [1][-]{section.32}{\376\377\000D\000a\000t\000a\000s\000e\000t\000s}{chapter.23}% 27
\BOOKMARK [0][-]{chapter.34}{\376\377\000R\000e\000s\000u\000l\000t\000s\000\040\000a\000n\000d\000\040\000D\000a\000t\000a\000\040\000A\000n\000a\000l\000y\000s\000i\000s}{}% 28
\BOOKMARK [1][-]{section.35}{\376\377\000M\000L\000\040\000e\000v\000a\000l\000u\000a\000t\000i\000o\000n}{chapter.34}% 29
\BOOKMARK [1][-]{section.36}{\376\377\000P\000e\000r\000f\000o\000r\000m\000a\000n\000c\000e\000\040\000o\000f\000\040\000t\000a\000x\000o\000n\000o\000m\000i\000c\000\040\000p\000r\000o\000f\000i\000l\000e\000r\000s}{chapter.34}% 30
\BOOKMARK [1][-]{section.37}{\376\377\000I\000n\000f\000l\000u\000e\000n\000c\000e\000\040\000o\000f\000\040\000t\000a\000x\000o\000n\000o\000m\000i\000c\000\040\000l\000e\000v\000e\000l}{chapter.34}% 31
\BOOKMARK [1][-]{section.38}{\376\377\000F\000e\000a\000t\000u\000r\000e\000\040\000s\000e\000l\000e\000c\000t\000i\000o\000n}{chapter.34}% 32
\BOOKMARK [1][-]{section.39}{\376\377\000R\000u\000n\000t\000i\000m\000e\000\040\000m\000e\000a\000s\000u\000r\000e\000m\000e\000n\000t\000s}{chapter.34}% 33
\BOOKMARK [0][-]{chapter.40}{\376\377\000C\000o\000n\000c\000l\000u\000s\000i\000o\000n\000\040\000a\000n\000d\000\040\000O\000u\000t\000l\000o\000o\000k}{}% 34
\BOOKMARK [1][-]{section.41}{\376\377\000P\000o\000s\000s\000i\000b\000l\000e\000\040\000E\000x\000t\000e\000n\000s\000i\000o\000n\000s}{chapter.40}% 35
\BOOKMARK [0][-]{appendix*.42}{\376\377\000B\000i\000b\000l\000i\000o\000g\000r\000a\000p\000h\000y}{}% 36
